<?xml version='1.0' encoding='UTF-8'?>
<testsuite hostname="saitoumotoki-no-MacBook-Pro" name="ProverConstructorTest" tests="7" errors="0" failures="0" skipped="0" time="0.022" timestamp="2018-11-13T00:29:43">
                     <properties>
[...]
</properties>
                     <testcase classname="ProverConstructorTest" name="第２引数はsize" time="0.017">
                                                 
                                               </testcase><testcase classname="ProverConstructorTest" name="第一引数はルール 0にして常にfalseになるか確認" time="0.001">
                                                 
                                               </testcase><testcase classname="ProverConstructorTest" name="第一引数はルール size2で常にtrueになるか確認" time="0.0">
                                                 
                                               </testcase><testcase classname="ProverConstructorTest" name="第一引数はルール size3で常にtrueになるか確認" time="0.001">
                                                 
                                               </testcase><testcase classname="ProverConstructorTest" name="sizeと引数のlengthが違うと例外発生 size 1" time="0.001">
                                                 
                                               </testcase><testcase classname="ProverConstructorTest" name="sizeと引数のlengthが違うと例外発生 size 2" time="0.001">
                                                 
                                               </testcase><testcase classname="ProverConstructorTest" name="sizeと引数のlengthが違うと例外発生 size 3" time="0.001">
                                                 
                                               </testcase>
                     <system-out><![CDATA[]]></system-out>
                     <system-err><![CDATA[]]></system-err>
                   </testsuite>